<?xml version="1.0" encoding="UTF-8"?>
<testsuite xmlns:xsi="http://www.w3.org/2001/XMLSchema-instance" xsi:noNamespaceSchemaLocation="https://maven.apache.org/surefire/maven-surefire-plugin/xsd/surefire-test-report-3.0.xsd" version="3.0" name="driverFactory.AppTest" time="37.174" tests="1" errors="0" skipped="0" failures="0">
  <properties>
[...]
</properties>
  <testcase name="kickStart" classname="driverFactory.AppTest" time="36.825">
    <system-out><![CDATA[./CaptureData/stocknumber.txt (No such file or directory)
Expected condition failed: waiting for visibility of element located by By.xpath: (//button[contains(text(),'OK')])[6] (tried for 10 second(s) with 500 milliseconds interval)
Build info: version: '4.18.0', revision: 'b6bf9de7cc*'
System info: os.name: 'Mac OS X', os.arch: 'x86_64', os.version: '13.3.1', java.version: '11.0.22'
Driver info: org.openqa.selenium.chrome.ChromeDriver
Capabilities {acceptInsecureCerts: false, browserName: chrome, browserVersion: 126.0.6478.183, chrome: {chromedriverVersion: 126.0.6478.182 (5b5d8292ddf..., userDataDir: /var/folders/qv/_pd41nf15gn...}, fedcm:accounts: true, goog:chromeOptions: {debuggerAddress: localhost:65528}, networkConnectionEnabled: false, pageLoadStrategy: normal, platformName: mac, proxy: Proxy(), se:cdp: ws://localhost:65528/devtoo..., se:cdpVersion: 126.0.6478.183, setWindowRect: true, strictFileInteractability: false, timeouts: {implicit: 0, pageLoad: 300000, script: 30000}, unhandledPromptBehavior: dismiss and notify, webauthn:extension:credBlob: true, webauthn:extension:largeBlob: true, webauthn:extension:minPinLength: true, webauthn:extension:prf: true, webauthn:virtualAuthenticators: true}
Session ID: b4c8e23a418548bc599f9bf03d39a3f2
element not interactable
  (Session info: chrome=126.0.6478.183)
Build info: version: '4.18.0', revision: 'b6bf9de7cc*'
System info: os.name: 'Mac OS X', os.arch: 'x86_64', os.version: '13.3.1', java.version: '11.0.22'
Driver info: org.openqa.selenium.chrome.ChromeDriver
Command: [b4c8e23a418548bc599f9bf03d39a3f2, clickElement {id=f.A8575B540B33CC2BEA7DFBFD0877D5F4.d.C1F0BA91C92843A774A520537DD2F02D.e.152}]
Capabilities {acceptInsecureCerts: false, browserName: chrome, browserVersion: 126.0.6478.183, chrome: {chromedriverVersion: 126.0.6478.182 (5b5d8292ddf..., userDataDir: /var/folders/qv/_pd41nf15gn...}, fedcm:accounts: true, goog:chromeOptions: {debuggerAddress: localhost:65528}, networkConnectionEnabled: false, pageLoadStrategy: normal, platformName: mac, proxy: Proxy(), se:cdp: ws://localhost:65528/devtoo..., se:cdpVersion: 126.0.6478.183, setWindowRect: true, strictFileInteractability: false, timeouts: {implicit: 0, pageLoad: 300000, script: 30000}, unhandledPromptBehavior: dismiss and notify, webauthn:extension:credBlob: true, webauthn:extension:largeBlob: true, webauthn:extension:minPinLength: true, webauthn:extension:prf: true, webauthn:virtualAuthenticators: true}
Element: [[ChromeDriver: chrome on mac (b4c8e23a418548bc599f9bf03d39a3f2)] -> xpath: (//button[contains(text(),'OK')])[6]]
Session ID: b4c8e23a418548bc599f9bf03d39a3f2
element not interactable
  (Session info: chrome=126.0.6478.183)
Build info: version: '4.18.0', revision: 'b6bf9de7cc*'
System info: os.name: 'Mac OS X', os.arch: 'x86_64', os.version: '13.3.1', java.version: '11.0.22'
Driver info: org.openqa.selenium.chrome.ChromeDriver
Command: [b4c8e23a418548bc599f9bf03d39a3f2, clearElement {id=f.A8575B540B33CC2BEA7DFBFD0877D5F4.d.C1F0BA91C92843A774A520537DD2F02D.e.123}]
Capabilities {acceptInsecureCerts: false, browserName: chrome, browserVersion: 126.0.6478.183, chrome: {chromedriverVersion: 126.0.6478.182 (5b5d8292ddf..., userDataDir: /var/folders/qv/_pd41nf15gn...}, fedcm:accounts: true, goog:chromeOptions: {debuggerAddress: localhost:65528}, networkConnectionEnabled: false, pageLoadStrategy: normal, platformName: mac, proxy: Proxy(), se:cdp: ws://localhost:65528/devtoo..., se:cdpVersion: 126.0.6478.183, setWindowRect: true, strictFileInteractability: false, timeouts: {implicit: 0, pageLoad: 300000, script: 30000}, unhandledPromptBehavior: dismiss and notify, webauthn:extension:credBlob: true, webauthn:extension:largeBlob: true, webauthn:extension:minPinLength: true, webauthn:extension:prf: true, webauthn:virtualAuthenticators: true}
Element: [[ChromeDriver: chrome on mac (b4c8e23a418548bc599f9bf03d39a3f2)] -> xpath: //input[@id='psearch']]
Session ID: b4c8e23a418548bc599f9bf03d39a3f2
]]></system-out>
    <system-err><![CDATA[SLF4J: Failed to load class "org.slf4j.impl.StaticLoggerBinder".
SLF4J: Defaulting to no-operation (NOP) logger implementation
SLF4J: See http://www.slf4j.org/codes.html#StaticLoggerBinder for further details.
ERROR StatusLogger Log4j2 could not find a logging implementation. Please add log4j-core to the classpath. Using SimpleLogger to log to the console...
Jul 25, 2024 11:30:49 AM org.openqa.selenium.devtools.CdpVersionFinder findNearestMatch
WARNING: Unable to find CDP implementation matching 126
Jul 25, 2024 11:30:49 AM org.openqa.selenium.chromium.ChromiumDriver lambda$new$5
WARNING: Unable to find version of CDP to use for 126.0.6478.183. You may need to include a dependency on a specific version of the CDP using something similar to `org.seleniumhq.selenium:selenium-devtools-v86:4.18.0` where the version ("v86") matches the version of the chromium-based browser you're using and the version number of the artifact is the same as Selenium's.
Jul 25, 2024 11:30:56 AM org.openqa.selenium.devtools.CdpVersionFinder findNearestMatch
WARNING: Unable to find CDP implementation matching 126
Jul 25, 2024 11:30:56 AM org.openqa.selenium.chromium.ChromiumDriver lambda$new$5
WARNING: Unable to find version of CDP to use for 126.0.6478.183. You may need to include a dependency on a specific version of the CDP using something similar to `org.seleniumhq.selenium:selenium-devtools-v86:4.18.0` where the version ("v86") matches the version of the chromium-based browser you're using and the version number of the artifact is the same as Selenium's.
Jul 25, 2024 11:31:05 AM org.openqa.selenium.devtools.CdpVersionFinder findNearestMatch
WARNING: Unable to find CDP implementation matching 126
Jul 25, 2024 11:31:05 AM org.openqa.selenium.chromium.ChromiumDriver lambda$new$5
WARNING: Unable to find version of CDP to use for 126.0.6478.183. You may need to include a dependency on a specific version of the CDP using something similar to `org.seleniumhq.selenium:selenium-devtools-v86:4.18.0` where the version ("v86") matches the version of the chromium-based browser you're using and the version number of the artifact is the same as Selenium's.
]]></system-err>
  </testcase>
</testsuite>